<?xml version="1.0" encoding="UTF-8"?>
<!-- Generated by org.testng.reporters.JUnitXMLReporter -->
<testsuite ignored="0" hostname="MLI01157" failures="1" tests="1" name="Verify Car Brand" time="4.528" errors="0" timestamp="13 May 2024 09:42:57 GMT">
  <testcase classname="com.mla.testCases.Test2" name="TC_MyCar_02" time="0.33">
    <failure type="java.lang.NoSuchFieldError" message="Factory">
      <![CDATA[java.lang.NoSuchFieldError: Factory
	at org.apache.poi.xssf.usermodel.XSSFWorkbook.onWorkbookCreate(XSSFWorkbook.java:506)
	at org.apache.poi.xssf.usermodel.XSSFWorkbook.<init>(XSSFWorkbook.java:233)
	at org.apache.poi.xssf.usermodel.XSSFWorkbook.<init>(XSSFWorkbook.java:227)
	at org.apache.poi.xssf.usermodel.XSSFWorkbook.<init>(XSSFWorkbook.java:215)
	at utilities.ExcelReader.<init>(ExcelReader.java:32)
	at com.mla.testCases.Test2.TC_MyCar_02(Test2.java:22)
... Removed 25 stack frames]]>
    </failure>
  </testcase> <!-- TC_MyCar_02 -->
</testsuite> <!-- Verify Car Brand -->
