<?xml version="1.0" encoding="UTF-8"?>
<testng-results ignored="0" total="2" passed="1" failed="1" skipped="0">
  <reporter-output>
  </reporter-output>
  <suite started-at="2024-05-13T09:42:44Z" name="Suite" finished-at="2024-05-13T09:42:57Z" duration-ms="13139">
    <groups>
    </groups>
    <test started-at="2024-05-13T09:42:44Z" name="Verify Find new Car" finished-at="2024-05-13T09:42:52Z" duration-ms="7632">
      <class name="com.mla.testCases.Test1">
        <test-method is-config="true" signature="launchApplication()[pri:0, instance:com.mla.testCases.Test1@44d52de2]" started-at="2024-05-13T15:12:44Z" name="launchApplication" finished-at="2024-05-13T15:12:48Z" duration-ms="4210" status="PASS">
          <reporter-output>
          </reporter-output>
        </test-method> <!-- launchApplication -->
        <test-method signature="myCarTest()[pri:0, instance:com.mla.testCases.Test1@44d52de2]" started-at="2024-05-13T15:12:48Z" name="myCarTest" finished-at="2024-05-13T15:12:52Z" duration-ms="3206" status="PASS">
          <reporter-output>
          </reporter-output>
        </test-method> <!-- myCarTest -->
        <test-method is-config="true" signature="tearDown()[pri:0, instance:com.mla.testCases.Test1@44d52de2]" started-at="2024-05-13T15:12:52Z" name="tearDown" finished-at="2024-05-13T15:12:52Z" duration-ms="192" status="PASS">
          <reporter-output>
          </reporter-output>
        </test-method> <!-- tearDown -->
      </class> <!-- com.mla.testCases.Test1 -->
    </test> <!-- Verify Find new Car -->
    <test started-at="2024-05-13T09:42:53Z" name="Verify Car Brand" finished-at="2024-05-13T09:42:57Z" duration-ms="4528">
      <class name="com.mla.testCases.Test2">
        <test-method is-config="true" signature="launchApplication()[pri:0, instance:com.mla.testCases.Test2@2e48362c]" started-at="2024-05-13T15:12:53Z" name="launchApplication" finished-at="2024-05-13T15:12:57Z" duration-ms="4037" status="PASS">
          <reporter-output>
          </reporter-output>
        </test-method> <!-- launchApplication -->
        <test-method signature="TC_MyCar_02()[pri:0, instance:com.mla.testCases.Test2@2e48362c]" started-at="2024-05-13T15:12:57Z" name="TC_MyCar_02" finished-at="2024-05-13T15:12:57Z" duration-ms="330" status="FAIL">
          <exception class="java.lang.NoSuchFieldError">
            <message>
              <![CDATA[Factory]]>
            </message>
            <full-stacktrace>
              <![CDATA[java.lang.NoSuchFieldError: Factory
	at org.apache.poi.xssf.usermodel.XSSFWorkbook.onWorkbookCreate(XSSFWorkbook.java:506)
	at org.apache.poi.xssf.usermodel.XSSFWorkbook.<init>(XSSFWorkbook.java:233)
	at org.apache.poi.xssf.usermodel.XSSFWorkbook.<init>(XSSFWorkbook.java:227)
	at org.apache.poi.xssf.usermodel.XSSFWorkbook.<init>(XSSFWorkbook.java:215)
	at utilities.ExcelReader.<init>(ExcelReader.java:32)
	at com.mla.testCases.Test2.TC_MyCar_02(Test2.java:22)
	at java.base/jdk.internal.reflect.NativeMethodAccessorImpl.invoke0(Native Method)
	at java.base/jdk.internal.reflect.NativeMethodAccessorImpl.invoke(NativeMethodAccessorImpl.java:77)
	at java.base/jdk.internal.reflect.DelegatingMethodAccessorImpl.invoke(DelegatingMethodAccessorImpl.java:43)
	at java.base/java.lang.reflect.Method.invoke(Method.java:568)
	at org.testng.internal.MethodInvocationHelper.invokeMethod(MethodInvocationHelper.java:108)
	at org.testng.internal.Invoker.invokeMethod(Invoker.java:661)
	at org.testng.internal.Invoker.invokeTestMethod(Invoker.java:869)
	at org.testng.internal.Invoker.invokeTestMethods(Invoker.java:1193)
	at org.testng.internal.TestMethodWorker.invokeTestMethods(TestMethodWorker.java:126)
	at org.testng.internal.TestMethodWorker.run(TestMethodWorker.java:109)
	at org.testng.TestRunner.privateRun(TestRunner.java:744)
	at org.testng.TestRunner.run(TestRunner.java:602)
	at org.testng.SuiteRunner.runTest(SuiteRunner.java:380)
	at org.testng.SuiteRunner.runSequentially(SuiteRunner.java:375)
	at org.testng.SuiteRunner.privateRun(SuiteRunner.java:340)
	at org.testng.SuiteRunner.run(SuiteRunner.java:289)
	at org.testng.SuiteRunnerWorker.runSuite(SuiteRunnerWorker.java:52)
	at org.testng.SuiteRunnerWorker.run(SuiteRunnerWorker.java:86)
	at org.testng.TestNG.runSuitesSequentially(TestNG.java:1301)
	at org.testng.TestNG.runSuitesLocally(TestNG.java:1226)
	at org.testng.TestNG.runSuites(TestNG.java:1144)
	at org.testng.TestNG.run(TestNG.java:1115)
	at org.testng.remote.AbstractRemoteTestNG.run(AbstractRemoteTestNG.java:115)
	at org.testng.remote.RemoteTestNG.initAndRun(RemoteTestNG.java:293)
	at org.testng.remote.RemoteTestNG.main(RemoteTestNG.java:91)
]]>
            </full-stacktrace>
          </exception> <!-- java.lang.NoSuchFieldError -->
          <reporter-output>
          </reporter-output>
        </test-method> <!-- TC_MyCar_02 -->
        <test-method is-config="true" signature="tearDown()[pri:0, instance:com.mla.testCases.Test2@2e48362c]" started-at="2024-05-13T15:12:57Z" name="tearDown" finished-at="2024-05-13T15:12:57Z" duration-ms="147" status="PASS">
          <reporter-output>
          </reporter-output>
        </test-method> <!-- tearDown -->
      </class> <!-- com.mla.testCases.Test2 -->
    </test> <!-- Verify Car Brand -->
  </suite> <!-- Suite -->
</testng-results>
